Starting preprocessing of the model file ...
Found 5 equation(s).
Evaluating expressions...done
Computing static model derivatives (order 1).
Computing dynamic model derivatives (order 1).
Processing outputs ...
done
Preprocessing completed.

STEADY-STATE RESULTS:

y 		 0.690859
k 		 2.93172
c 		 0.422933
a 		 0
n 		 -0.412849

MODEL SUMMARY

  Number of variables:         5
  Number of stochastic shocks: 1
  Number of state variables:   2
  Number of jumpers:           2
  Number of static variables:  1


MATRIX OF COVARIANCE OF EXOGENOUS SHOCKS
Variables           e
e            0.000100

POLICY AND TRANSITION FUNCTIONS
                                   y               k               c               a               n
Constant                    0.690859        2.931722        0.422933               0       -0.412849
k(-1)                       0.217624        0.953146        0.553075               0       -0.167725
a(-1)                       1.200068        0.081024        0.572999        0.990000        0.313535
e                           1.212190        0.081843        0.578787        1.000000        0.316702


THEORETICAL MOMENTS
VARIABLE         MEAN  STD. DEV.   VARIANCE
y              0.6909     0.1086     0.0118
k              2.9317     0.1126     0.0127
c              0.4229     0.1009     0.0102
a              0.0000     0.0709     0.0050
n             -0.4128     0.0097     0.0001



MATRIX OF CORRELATIONS
Variables         y       k       c       a       n
y            1.0000  0.9486  0.9856  0.9954  0.4721
k            0.9486  1.0000  0.9884  0.9138  0.1689
c            0.9856  0.9884  1.0000  0.9648  0.3164
a            0.9954  0.9138  0.9648  1.0000  0.5547
n            0.4721  0.1689  0.3164  0.5547  1.0000



COEFFICIENTS OF AUTOCORRELATION
Order          1       2       3       4       5
y         0.9937  0.9874  0.9809  0.9743  0.9677
k         0.9998  0.9991  0.9979  0.9964  0.9945
c         0.9983  0.9962  0.9937  0.9910  0.9879
a         0.9900  0.9801  0.9703  0.9606  0.9510
n         0.9448  0.8923  0.8423  0.7947  0.7494
Total computing time : 0h00m03s
